<?xml version="1.0" encoding="UTF-8"?>
<!-- Generated by org.testng.reporters.JUnitReportReporter -->
<testsuite hostname="DESKTOP-RBDMM1V" failures="0" tests="1" name="tests.BaseClass" time="0.011" errors="0" timestamp="11 Apr 2024 19:07:00 GMT" skipped="0">
  <testcase classname="tests.BaseClass" name="sampleTest" time="0.011"/>
</testsuite> <!-- tests.BaseClass -->
